<?xml version="1.0" encoding="UTF-8"?>
<testng-results skipped="0" failed="0" ignored="0" total="1" passed="1">
  <reporter-output>
  </reporter-output>
  <suite name="Default suite" duration-ms="65878" started-at="2020-07-14T23:25:44 IST" finished-at="2020-07-14T23:26:50 IST">
    <groups>
      <group name="paraBankTest">
        <method signature="aParaBankTest.Testing()[pri:0, instance:com.ParabankTest.one.aParaBankTest@7494e528]" name="Testing" class="com.ParabankTest.one.aParaBankTest"/>
      </group> <!-- paraBankTest -->
    </groups>
    <test name="Default test" duration-ms="65878" started-at="2020-07-14T23:25:44 IST" finished-at="2020-07-14T23:26:50 IST">
      <class name="com.ParabankTest.one.aParaBankTest">
        <test-method status="PASS" signature="Testing()[pri:0, instance:com.ParabankTest.one.aParaBankTest@7494e528]" name="Testing" duration-ms="65833" started-at="2020-07-14T23:25:44 IST" finished-at="2020-07-14T23:26:50 IST">
          <reporter-output>
          </reporter-output>
        </test-method> <!-- Testing -->
      </class> <!-- com.ParabankTest.one.aParaBankTest -->
    </test> <!-- Default test -->
  </suite> <!-- Default suite -->
</testng-results>
